<?xml version="1.0" encoding="UTF-8" ?>
<testsuite failures="0" time="12.826" errors="0" skipped="0" tests="1" name="WebDriverTest">
  <properties>
    <property name="java.runtime.name" value="Java(TM) SE Runtime Environment"/>
    <property name="sun.boot.library.path" value="/System/Library/Java/JavaVirtualMachines/1.6.0.jdk/Contents/Libraries"/>
    <property name="java.vm.version" value="20.12-b01-434"/>
    <property name="awt.nativeDoubleBuffering" value="true"/>
    <property name="gopherProxySet" value="false"/>
    <property name="mrj.build" value="11M3909"/>
    <property name="java.vm.vendor" value="Apple Inc."/>
    <property name="java.vendor.url" value="http://www.apple.com/"/>
    <property name="path.separator" value=":"/>
    <property name="java.vm.name" value="Java HotSpot(TM) 64-Bit Server VM"/>
    <property name="file.encoding.pkg" value="sun.io"/>
    <property name="user.country" value="US"/>
    <property name="sun.java.launcher" value="SUN_STANDARD"/>
    <property name="sun.os.patch.level" value="unknown"/>
    <property name="java.vm.specification.name" value="Java Virtual Machine Specification"/>
    <property name="user.dir" value="/Users/fjodorekstrom/Desktop/javaSauce/12"/>
    <property name="java.runtime.version" value="1.6.0_37-b06-434-11M3909"/>
    <property name="java.awt.graphicsenv" value="apple.awt.CGraphicsEnvironment"/>
    <property name="basedir" value="/Users/fjodorekstrom/Desktop/javaSauce/12"/>
    <property name="java.endorsed.dirs" value="/System/Library/Java/JavaVirtualMachines/1.6.0.jdk/Contents/Home/lib/endorsed"/>
    <property name="os.arch" value="x86_64"/>
    <property name="surefire.real.class.path" value="/Users/fjodorekstrom/Desktop/javaSauce/12/target/surefire/surefirebooter6173227688736387533.jar"/>
    <property name="java.io.tmpdir" value="/var/folders/f9/nl2qwbld6j3d9c2f_d8jx_f40000gn/T/"/>
    <property name="line.separator" value="
"/>
    <property name="java.vm.specification.vendor" value="Sun Microsystems Inc."/>
    <property name="os.name" value="Mac OS X"/>
    <property name="sun.jnu.encoding" value="MacRoman"/>
    <property name="java.library.path" value="/Applications/IntelliJ IDEA 11 CE.app/Contents/Resources/Java:/System/Library/PrivateFrameworks/JavaApplicationLauncher.framework/Resources:.:/Library/Java/Extensions:/System/Library/Java/Extensions:/usr/lib/java"/>
    <property name="surefire.test.class.path" value="/Users/fjodorekstrom/Desktop/javaSauce/12/target/test-classes:/Users/fjodorekstrom/Desktop/javaSauce/12/target/classes:/Users/fjodorekstrom/.m2/repository/junit/junit/4.10/junit-4.10.jar:/Users/fjodorekstrom/.m2/repository/org/hamcrest/hamcrest-core/1.1/hamcrest-core-1.1.jar:/Users/fjodorekstrom/.m2/repository/com/saucelabs/sauce_junit/1.0.11/sauce_junit-1.0.11.jar:/Users/fjodorekstrom/.m2/repository/com/saucelabs/sauce_java_common/1.0.11/sauce_java_common-1.0.11.jar:/Users/fjodorekstrom/.m2/repository/com/saucelabs/saucerest/1.0.0/saucerest-1.0.0.jar:/Users/fjodorekstrom/.m2/repository/com/googlecode/json-simple/json-simple/1.1/json-simple-1.1.jar:/Users/fjodorekstrom/.m2/repository/org/seleniumhq/selenium/selenium-java/2.26.0/selenium-java-2.26.0.jar:/Users/fjodorekstrom/.m2/repository/org/seleniumhq/selenium/selenium-android-driver/2.26.0/selenium-android-driver-2.26.0.jar:/Users/fjodorekstrom/.m2/repository/org/seleniumhq/selenium/selenium-remote-driver/2.26.0/selenium-remote-driver-2.26.0.jar:/Users/fjodorekstrom/.m2/repository/cglib/cglib-nodep/2.1_3/cglib-nodep-2.1_3.jar:/Users/fjodorekstrom/.m2/repository/org/json/json/20080701/json-20080701.jar:/Users/fjodorekstrom/.m2/repository/com/google/guava/guava/13.0.1/guava-13.0.1.jar:/Users/fjodorekstrom/.m2/repository/org/seleniumhq/selenium/selenium-chrome-driver/2.26.0/selenium-chrome-driver-2.26.0.jar:/Users/fjodorekstrom/.m2/repository/org/seleniumhq/selenium/selenium-htmlunit-driver/2.26.0/selenium-htmlunit-driver-2.26.0.jar:/Users/fjodorekstrom/.m2/repository/org/seleniumhq/selenium/selenium-api/2.26.0/selenium-api-2.26.0.jar:/Users/fjodorekstrom/.m2/repository/net/sourceforge/htmlunit/htmlunit/2.10/htmlunit-2.10.jar:/Users/fjodorekstrom/.m2/repository/xalan/xalan/2.7.1/xalan-2.7.1.jar:/Users/fjodorekstrom/.m2/repository/xalan/serializer/2.7.1/serializer-2.7.1.jar:/Users/fjodorekstrom/.m2/repository/commons-collections/commons-collections/3.2.1/commons-collections-3.2.1.jar:/Users/fjodorekstrom/.m2/repository/org/apache/commons/commons-lang3/3.1/commons-lang3-3.1.jar:/Users/fjodorekstrom/.m2/repository/org/apache/httpcomponents/httpmime/4.2.1/httpmime-4.2.1.jar:/Users/fjodorekstrom/.m2/repository/commons-codec/commons-codec/1.6/commons-codec-1.6.jar:/Users/fjodorekstrom/.m2/repository/net/sourceforge/htmlunit/htmlunit-core-js/2.10/htmlunit-core-js-2.10.jar:/Users/fjodorekstrom/.m2/repository/xerces/xercesImpl/2.9.1/xercesImpl-2.9.1.jar:/Users/fjodorekstrom/.m2/repository/xml-apis/xml-apis/1.3.04/xml-apis-1.3.04.jar:/Users/fjodorekstrom/.m2/repository/net/sourceforge/nekohtml/nekohtml/1.9.16/nekohtml-1.9.16.jar:/Users/fjodorekstrom/.m2/repository/net/sourceforge/cssparser/cssparser/0.9.7/cssparser-0.9.7.jar:/Users/fjodorekstrom/.m2/repository/org/w3c/css/sac/1.3/sac-1.3.jar:/Users/fjodorekstrom/.m2/repository/commons-logging/commons-logging/1.1.1/commons-logging-1.1.1.jar:/Users/fjodorekstrom/.m2/repository/org/apache/httpcomponents/httpclient/4.2.1/httpclient-4.2.1.jar:/Users/fjodorekstrom/.m2/repository/org/apache/httpcomponents/httpcore/4.2.1/httpcore-4.2.1.jar:/Users/fjodorekstrom/.m2/repository/org/seleniumhq/selenium/selenium-firefox-driver/2.26.0/selenium-firefox-driver-2.26.0.jar:/Users/fjodorekstrom/.m2/repository/commons-io/commons-io/2.2/commons-io-2.2.jar:/Users/fjodorekstrom/.m2/repository/org/apache/commons/commons-exec/1.1/commons-exec-1.1.jar:/Users/fjodorekstrom/.m2/repository/org/seleniumhq/selenium/selenium-ie-driver/2.26.0/selenium-ie-driver-2.26.0.jar:/Users/fjodorekstrom/.m2/repository/net/java/dev/jna/jna/3.4.0/jna-3.4.0.jar:/Users/fjodorekstrom/.m2/repository/net/java/dev/jna/platform/3.4.0/platform-3.4.0.jar:/Users/fjodorekstrom/.m2/repository/org/seleniumhq/selenium/selenium-iphone-driver/2.26.0/selenium-iphone-driver-2.26.0.jar:/Users/fjodorekstrom/.m2/repository/org/seleniumhq/selenium/selenium-safari-driver/2.26.0/selenium-safari-driver-2.26.0.jar:/Users/fjodorekstrom/.m2/repository/org/seleniumhq/selenium/selenium-support/2.26.0/selenium-support-2.26.0.jar:/Users/fjodorekstrom/.m2/repository/org/webbitserver/webbit/0.4.14/webbit-0.4.14.jar:/Users/fjodorekstrom/.m2/repository/io/netty/netty/3.5.2.Final/netty-3.5.2.Final.jar:"/>
    <property name="java.specification.name" value="Java Platform API Specification"/>
    <property name="java.class.version" value="50.0"/>
    <property name="sun.management.compiler" value="HotSpot 64-Bit Tiered Compilers"/>
    <property name="os.version" value="10.7.5"/>
    <property name="http.nonProxyHosts" value="local|*.local|169.254/16|*.169.254/16"/>
    <property name="user.home" value="/Users/fjodorekstrom"/>
    <property name="user.timezone" value="Europe/Stockholm"/>
    <property name="java.awt.printerjob" value="apple.awt.CPrinterJob"/>
    <property name="java.specification.version" value="1.6"/>
    <property name="file.encoding" value="MacRoman"/>
    <property name="user.name" value="fjodorekstrom"/>
    <property name="java.class.path" value="/Users/fjodorekstrom/Desktop/javaSauce/12/target/test-classes:/Users/fjodorekstrom/Desktop/javaSauce/12/target/classes:/Users/fjodorekstrom/.m2/repository/junit/junit/4.10/junit-4.10.jar:/Users/fjodorekstrom/.m2/repository/org/hamcrest/hamcrest-core/1.1/hamcrest-core-1.1.jar:/Users/fjodorekstrom/.m2/repository/com/saucelabs/sauce_junit/1.0.11/sauce_junit-1.0.11.jar:/Users/fjodorekstrom/.m2/repository/com/saucelabs/sauce_java_common/1.0.11/sauce_java_common-1.0.11.jar:/Users/fjodorekstrom/.m2/repository/com/saucelabs/saucerest/1.0.0/saucerest-1.0.0.jar:/Users/fjodorekstrom/.m2/repository/com/googlecode/json-simple/json-simple/1.1/json-simple-1.1.jar:/Users/fjodorekstrom/.m2/repository/org/seleniumhq/selenium/selenium-java/2.26.0/selenium-java-2.26.0.jar:/Users/fjodorekstrom/.m2/repository/org/seleniumhq/selenium/selenium-android-driver/2.26.0/selenium-android-driver-2.26.0.jar:/Users/fjodorekstrom/.m2/repository/org/seleniumhq/selenium/selenium-remote-driver/2.26.0/selenium-remote-driver-2.26.0.jar:/Users/fjodorekstrom/.m2/repository/cglib/cglib-nodep/2.1_3/cglib-nodep-2.1_3.jar:/Users/fjodorekstrom/.m2/repository/org/json/json/20080701/json-20080701.jar:/Users/fjodorekstrom/.m2/repository/com/google/guava/guava/13.0.1/guava-13.0.1.jar:/Users/fjodorekstrom/.m2/repository/org/seleniumhq/selenium/selenium-chrome-driver/2.26.0/selenium-chrome-driver-2.26.0.jar:/Users/fjodorekstrom/.m2/repository/org/seleniumhq/selenium/selenium-htmlunit-driver/2.26.0/selenium-htmlunit-driver-2.26.0.jar:/Users/fjodorekstrom/.m2/repository/org/seleniumhq/selenium/selenium-api/2.26.0/selenium-api-2.26.0.jar:/Users/fjodorekstrom/.m2/repository/net/sourceforge/htmlunit/htmlunit/2.10/htmlunit-2.10.jar:/Users/fjodorekstrom/.m2/repository/xalan/xalan/2.7.1/xalan-2.7.1.jar:/Users/fjodorekstrom/.m2/repository/xalan/serializer/2.7.1/serializer-2.7.1.jar:/Users/fjodorekstrom/.m2/repository/commons-collections/commons-collections/3.2.1/commons-collections-3.2.1.jar:/Users/fjodorekstrom/.m2/repository/org/apache/commons/commons-lang3/3.1/commons-lang3-3.1.jar:/Users/fjodorekstrom/.m2/repository/org/apache/httpcomponents/httpmime/4.2.1/httpmime-4.2.1.jar:/Users/fjodorekstrom/.m2/repository/commons-codec/commons-codec/1.6/commons-codec-1.6.jar:/Users/fjodorekstrom/.m2/repository/net/sourceforge/htmlunit/htmlunit-core-js/2.10/htmlunit-core-js-2.10.jar:/Users/fjodorekstrom/.m2/repository/xerces/xercesImpl/2.9.1/xercesImpl-2.9.1.jar:/Users/fjodorekstrom/.m2/repository/xml-apis/xml-apis/1.3.04/xml-apis-1.3.04.jar:/Users/fjodorekstrom/.m2/repository/net/sourceforge/nekohtml/nekohtml/1.9.16/nekohtml-1.9.16.jar:/Users/fjodorekstrom/.m2/repository/net/sourceforge/cssparser/cssparser/0.9.7/cssparser-0.9.7.jar:/Users/fjodorekstrom/.m2/repository/org/w3c/css/sac/1.3/sac-1.3.jar:/Users/fjodorekstrom/.m2/repository/commons-logging/commons-logging/1.1.1/commons-logging-1.1.1.jar:/Users/fjodorekstrom/.m2/repository/org/apache/httpcomponents/httpclient/4.2.1/httpclient-4.2.1.jar:/Users/fjodorekstrom/.m2/repository/org/apache/httpcomponents/httpcore/4.2.1/httpcore-4.2.1.jar:/Users/fjodorekstrom/.m2/repository/org/seleniumhq/selenium/selenium-firefox-driver/2.26.0/selenium-firefox-driver-2.26.0.jar:/Users/fjodorekstrom/.m2/repository/commons-io/commons-io/2.2/commons-io-2.2.jar:/Users/fjodorekstrom/.m2/repository/org/apache/commons/commons-exec/1.1/commons-exec-1.1.jar:/Users/fjodorekstrom/.m2/repository/org/seleniumhq/selenium/selenium-ie-driver/2.26.0/selenium-ie-driver-2.26.0.jar:/Users/fjodorekstrom/.m2/repository/net/java/dev/jna/jna/3.4.0/jna-3.4.0.jar:/Users/fjodorekstrom/.m2/repository/net/java/dev/jna/platform/3.4.0/platform-3.4.0.jar:/Users/fjodorekstrom/.m2/repository/org/seleniumhq/selenium/selenium-iphone-driver/2.26.0/selenium-iphone-driver-2.26.0.jar:/Users/fjodorekstrom/.m2/repository/org/seleniumhq/selenium/selenium-safari-driver/2.26.0/selenium-safari-driver-2.26.0.jar:/Users/fjodorekstrom/.m2/repository/org/seleniumhq/selenium/selenium-support/2.26.0/selenium-support-2.26.0.jar:/Users/fjodorekstrom/.m2/repository/org/webbitserver/webbit/0.4.14/webbit-0.4.14.jar:/Users/fjodorekstrom/.m2/repository/io/netty/netty/3.5.2.Final/netty-3.5.2.Final.jar:"/>
    <property name="java.vm.specification.version" value="1.0"/>
    <property name="sun.arch.data.model" value="64"/>
    <property name="java.home" value="/System/Library/Java/JavaVirtualMachines/1.6.0.jdk/Contents/Home"/>
    <property name="sun.java.command" value="/Users/fjodorekstrom/Desktop/javaSauce/12/target/surefire/surefirebooter6173227688736387533.jar /Users/fjodorekstrom/Desktop/javaSauce/12/target/surefire/surefire761790076943957474tmp /Users/fjodorekstrom/Desktop/javaSauce/12/target/surefire/surefire3888728219912170475tmp"/>
    <property name="java.specification.vendor" value="Sun Microsystems Inc."/>
    <property name="user.language" value="en"/>
    <property name="awt.toolkit" value="apple.awt.CToolkit"/>
    <property name="java.vm.info" value="mixed mode"/>
    <property name="java.version" value="1.6.0_37"/>
    <property name="java.ext.dirs" value="/Library/Java/Extensions:/System/Library/Java/Extensions:/System/Library/Java/JavaVirtualMachines/1.6.0.jdk/Contents/Home/lib/ext"/>
    <property name="sun.boot.class.path" value="/System/Library/Java/JavaVirtualMachines/1.6.0.jdk/Contents/Classes/jsfd.jar:/System/Library/Java/JavaVirtualMachines/1.6.0.jdk/Contents/Classes/classes.jar:/System/Library/Frameworks/JavaVM.framework/Frameworks/JavaRuntimeSupport.framework/Resources/Java/JavaRuntimeSupport.jar:/System/Library/Java/JavaVirtualMachines/1.6.0.jdk/Contents/Classes/ui.jar:/System/Library/Java/JavaVirtualMachines/1.6.0.jdk/Contents/Classes/laf.jar:/System/Library/Java/JavaVirtualMachines/1.6.0.jdk/Contents/Classes/sunrsasign.jar:/System/Library/Java/JavaVirtualMachines/1.6.0.jdk/Contents/Classes/jsse.jar:/System/Library/Java/JavaVirtualMachines/1.6.0.jdk/Contents/Classes/jce.jar:/System/Library/Java/JavaVirtualMachines/1.6.0.jdk/Contents/Classes/charsets.jar"/>
    <property name="java.vendor" value="Apple Inc."/>
    <property name="localRepository" value="/Users/fjodorekstrom/.m2/repository"/>
    <property name="file.separator" value="/"/>
    <property name="java.vendor.url.bug" value="http://bugreport.apple.com/"/>
    <property name="sun.cpu.endian" value="little"/>
    <property name="sun.io.unicode.encoding" value="UnicodeLittle"/>
    <property name="mrj.version" value="1070.1.6.0_37-434"/>
    <property name="socksNonProxyHosts" value="local|*.local|169.254/16|*.169.254/16"/>
    <property name="ftp.nonProxyHosts" value="local|*.local|169.254/16|*.169.254/16"/>
    <property name="sun.cpu.isalist" value=""/>
  </properties>
  <testcase time="12.791" classname="WebDriverTest" name="webDriver"/>
</testsuite>